<?xml version="1.0" encoding="UTF-8"?>
<!-- Generated by org.testng.reporters.JUnitReportReporter -->
<testsuite hostname="BLW-LAPT-101" failures="0" tests="1" name="Belwoautomation.globalsettingtestcase" time="37.951" errors="0" timestamp="07 Aug 2019 15:19:55 GMT" skipped="0">
  <testcase classname="Belwoautomation.globalsettingtestcase" name="addnewsetting" time="37.951"/>
</testsuite> <!-- Belwoautomation.globalsettingtestcase -->
