<?xml version="1.0" encoding="UTF-8"?>
<!-- Generated by org.testng.reporters.JUnitReportReporter -->
<testsuite hostname="BLW-LAPT-101" failures="0" tests="1" name="Belwoautomation.globalsettingtestcase" time="25.988" errors="0" timestamp="05 Aug 2019 14:30:35 GMT" skipped="0">
  <testcase classname="Belwoautomation.globalsettingtestcase" name="addnewsetting" time="25.988"/>
</testsuite> <!-- Belwoautomation.globalsettingtestcase -->
