<?xml version="1.0" encoding="UTF-8"?>
<!-- Generated by org.testng.reporters.JUnitReportReporter -->
<testsuite hostname="Workstation-06" failures="0" tests="1" name="Belwoautomation.Loginpagetest" time="39.913" errors="0" timestamp="31 Jul 2019 15:38:54 GMT" skipped="0">
  <testcase classname="Belwoautomation.Loginpagetest" name="logintest" time="39.913"/>
</testsuite> <!-- Belwoautomation.Loginpagetest -->
