<?xml version="1.0" encoding="UTF-8"?>
<!-- Generated by org.testng.reporters.JUnitReportReporter -->
<testsuite hostname="BLW-LAPT-101" failures="0" tests="1" name="Validationmessagestestcases.globalsetting" time="17.981" errors="0" timestamp="23 Aug 2019 16:48:11 GMT" skipped="0">
  <testcase classname="Validationmessagestestcases.globalsetting" name="getmsg" time="17.981"/>
</testsuite> <!-- Validationmessagestestcases.globalsetting -->
