<?xml version="1.0" encoding="UTF-8"?>
<!-- Generated by org.testng.reporters.JUnitReportReporter -->
<testsuite hostname="BLW-LAPT-101" failures="0" tests="1" name="Belwoautomation.MessagesandInsertsKeystestcases" time="22.749" errors="0" timestamp="05 Aug 2019 21:37:08 GMT" skipped="0">
  <testcase classname="Belwoautomation.MessagesandInsertsKeystestcases" name="commonshortingmtd" time="22.749"/>
</testsuite> <!-- Belwoautomation.MessagesandInsertsKeystestcases -->
