<?xml version="1.0" encoding="UTF-8"?>
<!-- Generated by org.testng.reporters.JUnitReportReporter -->
<testsuite hostname="BLW-LAPT-101" failures="0" tests="1" name="Validationmessagestestcases.addapplicationn" time="15.920" errors="0" timestamp="09 Aug 2019 14:20:00 GMT" skipped="0">
  <testcase classname="Validationmessagestestcases.addapplicationn" name="appvalmtd" time="15.920"/>
</testsuite> <!-- Validationmessagestestcases.addapplicationn -->
