<?xml version="1.0" encoding="UTF-8"?>
<!-- Generated by org.testng.reporters.JUnitReportReporter -->
<testsuite hostname="Workstation-06" failures="0" tests="1"
	name="Belwoautomation.homepage" time="30.196" errors="0"
	timestamp="26 Jul 2019 21:16:44 GMT" skipped="0">
	<testcase classname="Belwoautomation.homepage" name="addcliet"
		time="30.196" />
</testsuite> <!-- Belwoautomation.homepage -->
