<?xml version="1.0" encoding="UTF-8"?>
<!-- Generated by org.testng.reporters.JUnitReportReporter -->
<testsuite hostname="BLW-LAPT-101" failures="0" tests="2" name="Belwoautomation.app_actions_testcase" time="2.807" errors="1" timestamp="02 Aug 2019 15:13:52 GMT" skipped="1">
  <testcase classname="Belwoautomation.app_actions_testcase" name="login" time="2.807">
    <error message="session not created
from no such window: window was already closed
  (Session info: chrome=76.0.3809.87)
Build info: version: &#039;3.141.59&#039;, revision: &#039;e82be7d358&#039;, time: &#039;2018-11-14T08:17:03&#039;
System info: host: &#039;BLW-LAPT-101&#039;, ip: &#039;192.168.1.108&#039;, os.name: &#039;Windows 10&#039;, os.arch: &#039;amd64&#039;, os.version: &#039;10.0&#039;, java.version: &#039;10&#039;
Driver info: driver.version: ChromeDriver
remote stacktrace: Backtrace:
	Ordinal0 [0x011C1B43+1448771]
	Ordinal0 [0x01145A31+940593]
	Ordinal0 [0x010D2293+467603]
	Ordinal0 [0x010CC5CD+443853]
	Ordinal0 [0x010CD275+447093]
	Ordinal0 [0x010C9515+431381]
	Ordinal0 [0x010D2EF0+470768]
	Ordinal0 [0x010894BE+169150]
	Ordinal0 [0x010888DD+166109]
	Ordinal0 [0x01086FEB+159723]
	Ordinal0 [0x010709F6+68086]
	Ordinal0 [0x01071990+72080]
	Ordinal0 [0x01071929+71977]
	GetHandleVerifier [0x01302E8C+1172172]
	GetHandleVerifier [0x0125FE55+504469]
	GetHandleVerifier [0x0125FBF0+503856]
	Ordinal0 [0x011CC9C8+1493448]
	GetHandleVerifier [0x0126062A+506474]
	Ordinal0 [0x01157156+1012054]
	Ordinal0 [0x01156FCF+1011663]
	Ordinal0 [0x0116135B+1053531]
	Ordinal0 [0x011614C3+1053891]
	Ordinal0 [0x011604F5+1049845]
	BaseThreadInitThunk [0x74C80179+25]
	RtlGetAppContainerNamedObjectPath [0x773E662D+237]
	RtlGetAppContainerNamedObjectPath [0x773E65FD+189]
" type="org.openqa.selenium.SessionNotCreatedException">
      <![CDATA[org.openqa.selenium.SessionNotCreatedException: session not created
from no such window: window was already closed
  (Session info: chrome=76.0.3809.87)
Build info: version: '3.141.59', revision: 'e82be7d358', time: '2018-11-14T08:17:03'
System info: host: 'BLW-LAPT-101', ip: '192.168.1.108', os.name: 'Windows 10', os.arch: 'amd64', os.version: '10.0', java.version: '10'
Driver info: driver.version: ChromeDriver
remote stacktrace: Backtrace:
Ordinal0 [0x011C1B43+1448771]
Ordinal0 [0x01145A31+940593]
Ordinal0 [0x010D2293+467603]
Ordinal0 [0x010CC5CD+443853]
Ordinal0 [0x010CD275+447093]
Ordinal0 [0x010C9515+431381]
Ordinal0 [0x010D2EF0+470768]
Ordinal0 [0x010894BE+169150]
Ordinal0 [0x010888DD+166109]
Ordinal0 [0x01086FEB+159723]
Ordinal0 [0x010709F6+68086]
Ordinal0 [0x01071990+72080]
Ordinal0 [0x01071929+71977]
GetHandleVerifier [0x01302E8C+1172172]
GetHandleVerifier [0x0125FE55+504469]
GetHandleVerifier [0x0125FBF0+503856]
Ordinal0 [0x011CC9C8+1493448]
GetHandleVerifier [0x0126062A+506474]
Ordinal0 [0x01157156+1012054]
Ordinal0 [0x01156FCF+1011663]
Ordinal0 [0x0116135B+1053531]
Ordinal0 [0x011614C3+1053891]
Ordinal0 [0x011604F5+1049845]
BaseThreadInitThunk [0x74C80179+25]
RtlGetAppContainerNamedObjectPath [0x773E662D+237]
RtlGetAppContainerNamedObjectPath [0x773E65FD+189]

at java.base/jdk.internal.reflect.NativeConstructorAccessorImpl.newInstance0(Native Method)
at java.base/jdk.internal.reflect.NativeConstructorAccessorImpl.newInstance(Unknown Source)
at java.base/jdk.internal.reflect.DelegatingConstructorAccessorImpl.newInstance(Unknown Source)
at java.base/java.lang.reflect.Constructor.newInstance(Unknown Source)
at org.openqa.selenium.remote.W3CHandshakeResponse.lambda$errorHandler$0(W3CHandshakeResponse.java:62)
at org.openqa.selenium.remote.HandshakeResponse.lambda$getResponseFunction$0(HandshakeResponse.java:30)
at org.openqa.selenium.remote.ProtocolHandshake.lambda$createSession$0(ProtocolHandshake.java:126)
at java.base/java.util.stream.ReferencePipeline$3$1.accept(Unknown Source)
at java.base/java.util.Spliterators$ArraySpliterator.tryAdvance(Unknown Source)
at java.base/java.util.stream.ReferencePipeline.forEachWithCancel(Unknown Source)
at java.base/java.util.stream.AbstractPipeline.copyIntoWithCancel(Unknown Source)
at java.base/java.util.stream.AbstractPipeline.copyInto(Unknown Source)
at java.base/java.util.stream.AbstractPipeline.wrapAndCopyInto(Unknown Source)
at java.base/java.util.stream.FindOps$FindOp.evaluateSequential(Unknown Source)
at java.base/java.util.stream.AbstractPipeline.evaluate(Unknown Source)
at java.base/java.util.stream.ReferencePipeline.findFirst(Unknown Source)
at org.openqa.selenium.remote.ProtocolHandshake.createSession(ProtocolHandshake.java:128)
at org.openqa.selenium.remote.ProtocolHandshake.createSession(ProtocolHandshake.java:74)
at org.openqa.selenium.remote.HttpCommandExecutor.execute(HttpCommandExecutor.java:136)
at org.openqa.selenium.remote.service.DriverCommandExecutor.execute(DriverCommandExecutor.java:83)
at org.openqa.selenium.remote.RemoteWebDriver.execute(RemoteWebDriver.java:552)
at org.openqa.selenium.remote.RemoteWebDriver.startSession(RemoteWebDriver.java:213)
at org.openqa.selenium.remote.RemoteWebDriver.<init>(RemoteWebDriver.java:131)
at org.openqa.selenium.chrome.ChromeDriver.<init>(ChromeDriver.java:181)
at org.openqa.selenium.chrome.ChromeDriver.<init>(ChromeDriver.java:168)
at org.openqa.selenium.chrome.ChromeDriver.<init>(ChromeDriver.java:123)
at com.belwoautomation.qa.base.Testbase.initialization(Testbase.java:39)
at Belwoautomation.app_actions_testcase.login(app_actions_testcase.java:23)
at java.base/jdk.internal.reflect.NativeMethodAccessorImpl.invoke0(Native Method)
at java.base/jdk.internal.reflect.NativeMethodAccessorImpl.invoke(Unknown Source)
at java.base/jdk.internal.reflect.DelegatingMethodAccessorImpl.invoke(Unknown Source)
at java.base/java.lang.reflect.Method.invoke(Unknown Source)
at org.testng.internal.MethodInvocationHelper.invokeMethod(MethodInvocationHelper.java:124)
at org.testng.internal.MethodInvocationHelper.invokeMethodConsideringTimeout(MethodInvocationHelper.java:59)
at org.testng.internal.Invoker.invokeConfigurationMethod(Invoker.java:458)
at org.testng.internal.Invoker.invokeConfigurations(Invoker.java:222)
at org.testng.internal.Invoker.invokeMethod(Invoker.java:523)
at org.testng.internal.Invoker.invokeTestMethod(Invoker.java:719)
at org.testng.internal.Invoker.invokeTestMethods(Invoker.java:989)
at org.testng.internal.TestMethodWorker.invokeTestMethods(TestMethodWorker.java:125)
at org.testng.internal.TestMethodWorker.run(TestMethodWorker.java:109)
at org.testng.TestRunner.privateRun(TestRunner.java:648)
at org.testng.TestRunner.run(TestRunner.java:505)
at org.testng.SuiteRunner.runTest(SuiteRunner.java:455)
at org.testng.SuiteRunner.runSequentially(SuiteRunner.java:450)
at org.testng.SuiteRunner.privateRun(SuiteRunner.java:415)
at org.testng.SuiteRunner.run(SuiteRunner.java:364)
at org.testng.SuiteRunnerWorker.runSuite(SuiteRunnerWorker.java:52)
at org.testng.SuiteRunnerWorker.run(SuiteRunnerWorker.java:84)
at org.testng.TestNG.runSuitesSequentially(TestNG.java:1208)
at org.testng.TestNG.runSuitesLocally(TestNG.java:1137)
at org.testng.TestNG.runSuites(TestNG.java:1049)
at org.testng.TestNG.run(TestNG.java:1017)
at org.testng.remote.AbstractRemoteTestNG.run(AbstractRemoteTestNG.java:115)
at org.testng.remote.RemoteTestNG.initAndRun(RemoteTestNG.java:251)
at org.testng.remote.RemoteTestNG.main(RemoteTestNG.java:77)
]]>
    </error>
  </testcase> <!-- login -->
  <testcase classname="Belwoautomation.app_actions_testcase" name="appclone" time="0.000">
    <skipped/>
  </testcase> <!-- appclone -->
</testsuite> <!-- Belwoautomation.app_actions_testcase -->
