<?xml version="1.0" encoding="UTF-8"?>
<!-- Generated by org.testng.reporters.JUnitReportReporter -->
<testsuite hostname="Workstation-06" failures="0" tests="1" name="Belwoautomation.Applications" time="19.502" errors="0" timestamp="30 Jul 2019 14:05:24 GMT" skipped="0">
  <testcase classname="Belwoautomation.Applications" name="add_app" time="19.502"/>
</testsuite> <!-- Belwoautomation.Applications -->
