<?xml version="1.0" encoding="UTF-8"?>
<!-- Generated by org.testng.reporters.JUnitReportReporter -->
<testsuite hostname="Workstation-06" failures="0" tests="1" name="Belwoautomation.addclient" time="18.153" errors="0" timestamp="31 Jul 2019 15:38:54 GMT" skipped="0">
  <testcase classname="Belwoautomation.addclient" name="addcliet" time="18.153"/>
</testsuite> <!-- Belwoautomation.addclient -->
