<?xml version="1.0" encoding="UTF-8"?>
<!-- Generated by org.testng.reporters.JUnitReportReporter -->
<testsuite hostname="Workstation-06" failures="0" tests="1" name="Belwoautomation.Loginpagetest" time="16.229" errors="0" timestamp="30 Jul 2019 14:05:24 GMT" skipped="0">
  <testcase classname="Belwoautomation.Loginpagetest" name="logintest" time="16.229"/>
</testsuite> <!-- Belwoautomation.Loginpagetest -->
