<?xml version="1.0" encoding="UTF-8"?>
<!-- Generated by org.testng.reporters.JUnitReportReporter -->
<testsuite hostname="BLW-LAPT-101" failures="0" tests="1" name="Validationmessagestestcases.addclientn" time="19.472" errors="0" timestamp="09 Aug 2019 14:26:00 GMT" skipped="0">
  <testcase classname="Validationmessagestestcases.addclientn" name="checkvaliditionmsgmtd" time="19.472"/>
</testsuite> <!-- Validationmessagestestcases.addclientn -->
