<?xml version="1.0" encoding="UTF-8"?>
<!-- Generated by org.testng.reporters.JUnitReportReporter -->
<testsuite hostname="Workstation-06" failures="0" tests="1" name="Belwoautomation.globalsettingtestcase" time="17.035" errors="0" timestamp="31 Jul 2019 20:33:06 GMT" skipped="0">
  <testcase classname="Belwoautomation.globalsettingtestcase" name="addnewsetting" time="17.035"/>
</testsuite> <!-- Belwoautomation.globalsettingtestcase -->
