<?xml version="1.0" encoding="UTF-8"?>
<!-- Generated by org.testng.reporters.JUnitReportReporter -->
<testsuite hostname="BLW-LAPT-101" failures="0" tests="1" name="Belwoautomation.Loginpagetest" time="11.542" errors="0" timestamp="07 Aug 2019 15:18:57 GMT" skipped="0">
  <testcase classname="Belwoautomation.Loginpagetest" name="logintest" time="11.542"/>
</testsuite> <!-- Belwoautomation.Loginpagetest -->
