<?xml version="1.0" encoding="UTF-8"?>
<!-- Generated by org.testng.reporters.JUnitReportReporter -->
<testsuite hostname="BLW-LAPT-101" failures="0" tests="1" name="Belwoautomation.globalsettingtestcase" time="16.415" errors="0" timestamp="02 Aug 2019 18:22:00 GMT" skipped="0">
  <testcase classname="Belwoautomation.globalsettingtestcase" name="addnewsetting" time="16.415"/>
</testsuite> <!-- Belwoautomation.globalsettingtestcase -->
