<?xml version="1.0" encoding="UTF-8"?>
<!-- Generated by org.testng.reporters.JUnitReportReporter -->
<testsuite hostname="Workstation-06" failures="0" tests="1" name="Belwoautomation.Applications" time="16.764" errors="0" timestamp="29 Jul 2019 21:20:16 GMT" skipped="0">
  <testcase classname="Belwoautomation.Applications" name="add_app" time="16.764"/>
</testsuite> <!-- Belwoautomation.Applications -->
