<?xml version="1.0" encoding="UTF-8"?>
<!-- Generated by org.testng.reporters.JUnitReportReporter -->
<testsuite hostname="Workstation-06" failures="0" tests="1" name="Belwoautomation.NewTest" time="0.031" errors="0" timestamp="23 Jul 2019 14:14:30 GMT">
  <testcase classname="Belwoautomation.NewTest" name="f" time="0.031"/>
</testsuite> <!-- Belwoautomation.NewTest -->
