<?xml version="1.0" encoding="UTF-8"?>
<!-- Generated by org.testng.reporters.JUnitReportReporter -->
<testsuite hostname="Workstation-06" failures="0" tests="2" name="Belwoautomation.Loginpagetest" time="49.451" errors="0" timestamp="26 Jul 2019 17:21:49 GMT" skipped="0">
  <testcase classname="Belwoautomation.Loginpagetest" name="logintest" time="35.581"/>
  <testcase classname="Belwoautomation.Loginpagetest" name="loginPageTitleTest" time="13.870"/>
</testsuite> <!-- Belwoautomation.Loginpagetest -->
