<?xml version="1.0" encoding="UTF-8"?>
<!-- Generated by org.testng.reporters.JUnitReportReporter -->
<testsuite hostname="Workstation-06" failures="0" tests="1" name="Belwoautomation.addclient" time="18.888" errors="0" timestamp="30 Jul 2019 14:05:24 GMT" skipped="0">
  <testcase classname="Belwoautomation.addclient" name="addcliet" time="18.888"/>
</testsuite> <!-- Belwoautomation.addclient -->
