<?xml version="1.0" encoding="UTF-8"?>
<!-- Generated by org.testng.reporters.JUnitReportReporter -->
<testsuite hostname="Workstation-06" failures="0" tests="2" name="Belwoautomation.Login" time="23.324" errors="0" timestamp="23 Jul 2019 14:42:09 GMT">
  <testcase classname="Belwoautomation.Login" name="logout" time="3.536"/>
  <testcase classname="Belwoautomation.Login" name="login" time="19.788"/>
</testsuite> <!-- Belwoautomation.Login -->
