<?xml version="1.0" encoding="UTF-8"?>
<!-- Generated by org.testng.reporters.JUnitReportReporter -->
<testsuite hostname="BLW-LAPT-101" failures="0" tests="1" name="test1.amazon" time="12.735" errors="0" timestamp="05 Aug 2019 20:54:19 GMT" skipped="0">
  <testcase classname="test1.amazon" name="aa" time="12.735"/>
</testsuite> <!-- test1.amazon -->
