<?xml version="1.0" encoding="UTF-8"?>
<!-- Generated by org.testng.reporters.JUnitReportReporter -->
<testsuite hostname="Workstation-06" failures="0" tests="1" name="Belwoautomation.Loginpagetest" time="12.778" errors="0" timestamp="29 Jul 2019 21:20:16 GMT" skipped="0">
  <testcase classname="Belwoautomation.Loginpagetest" name="logintest" time="12.778"/>
</testsuite> <!-- Belwoautomation.Loginpagetest -->
