<?xml version="1.0" encoding="UTF-8"?>
<!-- Generated by org.testng.reporters.JUnitReportReporter -->
<testsuite hostname="Workstation-06" failures="0" tests="1"
	name="Belwoautomation.Applications" time="22.289" errors="0"
	timestamp="31 Jul 2019 16:59:03 GMT" skipped="0">
	<testcase classname="Belwoautomation.Applications"
		name="add_app" time="22.289" />
</testsuite> <!-- Belwoautomation.Applications -->
