<?xml version="1.0" encoding="UTF-8"?>
<!-- Generated by org.testng.reporters.JUnitReportReporter -->
<testsuite hostname="BLW-LAPT-101" failures="0" tests="2" name="Belwoautomation.MessagesandInsertsKeystestcases" time="70.775" errors="0" timestamp="07 Aug 2019 14:56:46 GMT" skipped="0">
  <testcase classname="Belwoautomation.MessagesandInsertsKeystestcases" name="availableKeys" time="30.283"/>
  <testcase classname="Belwoautomation.MessagesandInsertsKeystestcases" name="commonshortingmtd" time="40.492"/>
</testsuite> <!-- Belwoautomation.MessagesandInsertsKeystestcases -->
