<?xml version="1.0" encoding="UTF-8"?>
<!-- Generated by org.testng.reporters.JUnitReportReporter -->
<testsuite hostname="Workstation-06" failures="0" tests="1" name="Belwoautomation.addclient" time="17.621" errors="0" timestamp="29 Jul 2019 21:20:16 GMT" skipped="0">
  <testcase classname="Belwoautomation.addclient" name="addcliet" time="17.621"/>
</testsuite> <!-- Belwoautomation.addclient -->
